<?xml version="1.0" encoding="UTF-8"?>
<testng-results ignored="0" total="3" passed="2" failed="1" skipped="0">
  <reporter-output>
  </reporter-output>
  <suite started-at="2025-06-18T21:03:36 IST" name="All Test Suite" finished-at="2025-06-18T21:04:28 IST" duration-ms="51452">
    <groups>
    </groups>
    <test started-at="2025-06-18T21:03:36 IST" name="D:/Study/Java/Workspace2/HotelReservation" finished-at="2025-06-18T21:04:28 IST" duration-ms="51452">
      <class name="com.mansi.adactin.com.mansi.adactin.tests.RoomBookingTest">
        <test-method signature="searchHotel(java.util.HashMap)[pri:0, instance:com.mansi.adactin.com.mansi.adactin.tests.RoomBookingTest@35432107]" started-at="2025-06-18T21:03:59 IST" name="searchHotel" data-provider="getData" finished-at="2025-06-18T21:04:26 IST" duration-ms="27552" status="PASS">
          <params>
            <param index="0">
              <value>
                <![CDATA[{password=Mansa@10J, username=mansi2000}]]>
              </value>
            </param>
          </params>
          <reporter-output>
          </reporter-output>
        </test-method> <!-- searchHotel -->
      </class> <!-- com.mansi.adactin.com.mansi.adactin.tests.RoomBookingTest -->
      <class name="com.mansi.adactin.com.mansi.adactin.tests.LoginTest">
        <test-method signature="performLogin(java.util.HashMap)[pri:0, instance:com.mansi.adactin.com.mansi.adactin.tests.LoginTest@3abada5a]" started-at="2025-06-18T21:03:37 IST" name="performLogin" data-provider="getData" finished-at="2025-06-18T21:03:43 IST" duration-ms="6718" status="PASS">
          <params>
            <param index="0">
              <value>
                <![CDATA[{password=Mansa@10J, username=mansi2000}]]>
              </value>
            </param>
          </params>
          <reporter-output>
          </reporter-output>
        </test-method> <!-- performLogin -->
        <test-method signature="performLogin(java.util.HashMap)[pri:0, instance:com.mansi.adactin.com.mansi.adactin.tests.LoginTest@3abada5a]" started-at="2025-06-18T21:03:43 IST" name="performLogin" data-provider="getData" finished-at="2025-06-18T21:03:58 IST" duration-ms="15004" status="FAIL">
          <params>
            <param index="0">
              <value>
                <![CDATA[{password=Mans2a@10J, username=w3332000}]]>
              </value>
            </param>
          </params>
          <exception class="org.openqa.selenium.NoSuchElementException">
            <message>
              <![CDATA[no such element: Unable to locate element: {"method":"css selector","selector":"table.content td[class$='welcome_menu']:first-child"}
  (Session info: MicrosoftEdge=137.0.3296.83)
For documentation on this error, please visit: https://www.selenium.dev/documentation/webdriver/troubleshooting/errors#no-such-element-exception
Build info: version: '4.33.0', revision: '2c6aaad03a'
System info: os.name: 'Windows 11', os.arch: 'amd64', os.version: '10.0', java.version: '21.0.5'
Driver info: org.openqa.selenium.edge.EdgeDriver
Command: [2d5fc00126fa5c12560b0066a23ffefe, findElement {value=table.content td[class$='welcome_menu']:first-child, using=css selector}]
Capabilities {acceptInsecureCerts: false, browserName: MicrosoftEdge, browserVersion: 137.0.3296.83, fedcm:accounts: true, ms:edgeOptions: {debuggerAddress: localhost:61976}, msedge: {msedgedriverVersion: 137.0.3296.83 (24e00e9cccf2..., userDataDir: C:\Users\mansi\AppData\Loca...}, networkConnectionEnabled: false, pageLoadStrategy: normal, platformName: windows, proxy: Proxy(), se:cdp: ws://localhost:61976/devtoo..., se:cdpVersion: 137.0.3296.83, setWindowRect: true, strictFileInteractability: false, timeouts: {implicit: 0, pageLoad: 300000, script: 30000}, unhandledPromptBehavior: dismiss and notify, webauthn:extension:credBlob: true, webauthn:extension:largeBlob: true, webauthn:extension:minPinLength: true, webauthn:extension:prf: true, webauthn:virtualAuthenticators: true}
Session ID: 2d5fc00126fa5c12560b0066a23ffefe]]>
            </message>
            <full-stacktrace>
              <![CDATA[org.openqa.selenium.NoSuchElementException: no such element: Unable to locate element: {"method":"css selector","selector":"table.content td[class$='welcome_menu']:first-child"}
  (Session info: MicrosoftEdge=137.0.3296.83)
For documentation on this error, please visit: https://www.selenium.dev/documentation/webdriver/troubleshooting/errors#no-such-element-exception
Build info: version: '4.33.0', revision: '2c6aaad03a'
System info: os.name: 'Windows 11', os.arch: 'amd64', os.version: '10.0', java.version: '21.0.5'
Driver info: org.openqa.selenium.edge.EdgeDriver
Command: [2d5fc00126fa5c12560b0066a23ffefe, findElement {value=table.content td[class$='welcome_menu']:first-child, using=css selector}]
Capabilities {acceptInsecureCerts: false, browserName: MicrosoftEdge, browserVersion: 137.0.3296.83, fedcm:accounts: true, ms:edgeOptions: {debuggerAddress: localhost:61976}, msedge: {msedgedriverVersion: 137.0.3296.83 (24e00e9cccf2..., userDataDir: C:\Users\mansi\AppData\Loca...}, networkConnectionEnabled: false, pageLoadStrategy: normal, platformName: windows, proxy: Proxy(), se:cdp: ws://localhost:61976/devtoo..., se:cdpVersion: 137.0.3296.83, setWindowRect: true, strictFileInteractability: false, timeouts: {implicit: 0, pageLoad: 300000, script: 30000}, unhandledPromptBehavior: dismiss and notify, webauthn:extension:credBlob: true, webauthn:extension:largeBlob: true, webauthn:extension:minPinLength: true, webauthn:extension:prf: true, webauthn:virtualAuthenticators: true}
Session ID: 2d5fc00126fa5c12560b0066a23ffefe
at java.base/jdk.internal.reflect.DirectConstructorHandleAccessor.newInstance(DirectConstructorHandleAccessor.java:62)
at java.base/java.lang.reflect.Constructor.newInstanceWithCaller(Constructor.java:502)
at java.base/java.lang.reflect.Constructor.newInstance(Constructor.java:486)
at org.openqa.selenium.remote.ErrorCodec.decode(ErrorCodec.java:167)
at org.openqa.selenium.remote.codec.w3c.W3CHttpResponseCodec.decode(W3CHttpResponseCodec.java:138)
at org.openqa.selenium.remote.codec.w3c.W3CHttpResponseCodec.decode(W3CHttpResponseCodec.java:50)
at org.openqa.selenium.remote.HttpCommandExecutor.execute(HttpCommandExecutor.java:215)
at org.openqa.selenium.remote.service.DriverCommandExecutor.invokeExecute(DriverCommandExecutor.java:216)
at org.openqa.selenium.remote.service.DriverCommandExecutor.execute(DriverCommandExecutor.java:174)
at org.openqa.selenium.remote.RemoteWebDriver.execute(RemoteWebDriver.java:544)
at org.openqa.selenium.remote.ElementLocation$ElementFinder$2.findElement(ElementLocation.java:165)
at org.openqa.selenium.remote.ElementLocation.findElement(ElementLocation.java:59)
at org.openqa.selenium.remote.RemoteWebDriver.findElement(RemoteWebDriver.java:367)
at org.openqa.selenium.remote.RemoteWebDriver.findElement(RemoteWebDriver.java:361)
at com.mansi.adactin.com.mansi.adactin.tests.LoginTest.performLogin(com.mansi.adactin.com.mansi.adactin.tests.LoginTest.java:32)
at java.base/jdk.internal.reflect.DirectMethodHandleAccessor.invoke(DirectMethodHandleAccessor.java:103)
at java.base/java.lang.reflect.Method.invoke(Method.java:580)
at org.testng.internal.invokers.MethodInvocationHelper.invokeMethod(MethodInvocationHelper.java:141)
at org.testng.internal.invokers.TestInvoker.invokeMethod(TestInvoker.java:687)
at org.testng.internal.invokers.TestInvoker.invokeTestMethod(TestInvoker.java:230)
at org.testng.internal.invokers.MethodRunner.runInSequence(MethodRunner.java:63)
at org.testng.internal.invokers.TestInvoker$MethodInvocationAgent.invoke(TestInvoker.java:995)
at org.testng.internal.invokers.TestInvoker.invokeTestMethods(TestInvoker.java:203)
at org.testng.internal.invokers.TestMethodWorker.invokeTestMethods(TestMethodWorker.java:154)
at org.testng.internal.invokers.TestMethodWorker.run(TestMethodWorker.java:134)
at java.base/java.util.ArrayList.forEach(ArrayList.java:1596)
at org.testng.TestRunner.privateRun(TestRunner.java:741)
at org.testng.TestRunner.run(TestRunner.java:616)
at org.testng.SuiteRunner.runTest(SuiteRunner.java:421)
at org.testng.SuiteRunner.runSequentially(SuiteRunner.java:413)
at org.testng.SuiteRunner.privateRun(SuiteRunner.java:373)
at org.testng.SuiteRunner.run(SuiteRunner.java:312)
at org.testng.SuiteRunnerWorker.runSuite(SuiteRunnerWorker.java:52)
at org.testng.SuiteRunnerWorker.run(SuiteRunnerWorker.java:95)
at org.testng.TestNG.runSuitesSequentially(TestNG.java:1274)
at org.testng.TestNG.runSuitesLocally(TestNG.java:1208)
at org.testng.TestNG.runSuites(TestNG.java:1112)
at org.testng.TestNG.run(TestNG.java:1079)
at com.intellij.rt.testng.IDEARemoteTestNG.run(IDEARemoteTestNG.java:66)
at com.intellij.rt.testng.RemoteTestNGStarter.main(RemoteTestNGStarter.java:105)
]]>
            </full-stacktrace>
          </exception> <!-- org.openqa.selenium.NoSuchElementException -->
          <reporter-output>
          </reporter-output>
        </test-method> <!-- performLogin -->
        <test-method is-config="true" signature="closeBrowser()[pri:0, instance:com.mansi.adactin.com.mansi.adactin.tests.LoginTest@3abada5a]" started-at="2025-06-18T21:04:26 IST" name="closeBrowser" finished-at="2025-06-18T21:04:28 IST" duration-ms="1428" status="PASS">
          <reporter-output>
          </reporter-output>
        </test-method> <!-- closeBrowser -->
      </class> <!-- com.mansi.adactin.com.mansi.adactin.tests.LoginTest -->
    </test> <!-- D:/Study/Java/Workspace2/HotelReservation -->
  </suite> <!-- All Test Suite -->
</testng-results>
